<?xml version="1.0" encoding="UTF-8"?>
<!-- Generated by org.testng.reporters.JUnitXMLReporter -->
<testsuite ignored="0" hostname="Prajwals-MacBook-Air.local" failures="0" tests="3" name="Default test" time="66.775" errors="0" timestamp="2024-07-23T15:38:28 IST">
  <testcase classname="makemytrip.makemytrip" name="Search" time="31.491"/>
  <testcase classname="makemytrip.makemytrip" name="Title" time="0.004"/>
  <testcase classname="makemytrip.makemytrip" name="urllanding" time="0.005"/>
</testsuite> <!-- Default test -->
