<?xml version="1.0" encoding="UTF-8"?>
<testng-results ignored="0" total="3" passed="3" failed="0" skipped="0">
  <reporter-output>
  </reporter-output>
  <suite started-at="2024-07-23T15:37:21 IST" name="Default suite" finished-at="2024-07-23T15:38:28 IST" duration-ms="66775">
    <groups>
    </groups>
    <test started-at="2024-07-23T15:37:21 IST" name="Default test" finished-at="2024-07-23T15:38:28 IST" duration-ms="66775">
      <class name="makemytrip.makemytrip">
        <test-method is-config="true" signature="BeforeClass1()[pri:0, instance:makemytrip.makemytrip@9f116cc]" started-at="2024-07-23T15:37:21 IST" name="BeforeClass1" finished-at="2024-07-23T15:37:21 IST" duration-ms="4" status="PASS">
          <reporter-output>
          </reporter-output>
        </test-method> <!-- BeforeClass1 -->
        <test-method is-config="true" signature="HomePage()[pri:0, instance:makemytrip.makemytrip@9f116cc]" started-at="2024-07-23T15:37:21 IST" name="HomePage" finished-at="2024-07-23T15:37:30 IST" duration-ms="9374" status="PASS">
          <reporter-output>
          </reporter-output>
        </test-method> <!-- HomePage -->
        <test-method signature="Search()[pri:0, instance:makemytrip.makemytrip@9f116cc]" started-at="2024-07-23T15:37:30 IST" name="Search" finished-at="2024-07-23T15:38:02 IST" duration-ms="31491" status="PASS">
          <reporter-output>
          </reporter-output>
        </test-method> <!-- Search -->
        <test-method is-config="true" signature="TearDown()[pri:0, instance:makemytrip.makemytrip@9f116cc]" started-at="2024-07-23T15:38:02 IST" name="TearDown" finished-at="2024-07-23T15:38:05 IST" duration-ms="3119" status="PASS">
          <reporter-output>
          </reporter-output>
        </test-method> <!-- TearDown -->
        <test-method is-config="true" signature="HomePage()[pri:0, instance:makemytrip.makemytrip@9f116cc]" started-at="2024-07-23T15:38:05 IST" name="HomePage" finished-at="2024-07-23T15:38:13 IST" duration-ms="7791" status="PASS">
          <reporter-output>
          </reporter-output>
        </test-method> <!-- HomePage -->
        <test-method signature="Title()[pri:0, instance:makemytrip.makemytrip@9f116cc]" started-at="2024-07-23T15:38:13 IST" name="Title" finished-at="2024-07-23T15:38:13 IST" duration-ms="4" status="PASS">
          <reporter-output>
          </reporter-output>
        </test-method> <!-- Title -->
        <test-method is-config="true" signature="TearDown()[pri:0, instance:makemytrip.makemytrip@9f116cc]" started-at="2024-07-23T15:38:13 IST" name="TearDown" finished-at="2024-07-23T15:38:16 IST" duration-ms="3133" status="PASS">
          <reporter-output>
          </reporter-output>
        </test-method> <!-- TearDown -->
        <test-method is-config="true" signature="HomePage()[pri:0, instance:makemytrip.makemytrip@9f116cc]" started-at="2024-07-23T15:38:16 IST" name="HomePage" finished-at="2024-07-23T15:38:25 IST" duration-ms="8686" status="PASS">
          <reporter-output>
          </reporter-output>
        </test-method> <!-- HomePage -->
        <test-method signature="urllanding()[pri:0, instance:makemytrip.makemytrip@9f116cc]" started-at="2024-07-23T15:38:25 IST" name="urllanding" finished-at="2024-07-23T15:38:25 IST" duration-ms="5" status="PASS">
          <reporter-output>
          </reporter-output>
        </test-method> <!-- urllanding -->
        <test-method is-config="true" signature="TearDown()[pri:0, instance:makemytrip.makemytrip@9f116cc]" started-at="2024-07-23T15:38:25 IST" name="TearDown" finished-at="2024-07-23T15:38:28 IST" duration-ms="3147" status="PASS">
          <reporter-output>
          </reporter-output>
        </test-method> <!-- TearDown -->
        <test-method is-config="true" signature="AfterClass1()[pri:0, instance:makemytrip.makemytrip@9f116cc]" started-at="2024-07-23T15:38:28 IST" name="AfterClass1" finished-at="2024-07-23T15:38:28 IST" duration-ms="0" status="PASS">
          <reporter-output>
          </reporter-output>
        </test-method> <!-- AfterClass1 -->
      </class> <!-- makemytrip.makemytrip -->
    </test> <!-- Default test -->
  </suite> <!-- Default suite -->
</testng-results>
